0 info it worked if it ends with ok
1 verbose cli [ '/Users/zoomer/.nvm/versions/node/v7.5.0/bin/node',
1 verbose cli   '/Users/zoomer/.nvm/versions/node/v7.5.0/bin/npm',
1 verbose cli   'run',
1 verbose cli   'build' ]
2 info using npm@4.1.2
3 info using node@v7.5.0
4 verbose run-script [ 'prebuild', 'build', 'postbuild' ]
5 info lifecycle habitat-developers@1.0.0~prebuild: habitat-developers@1.0.0
6 silly lifecycle habitat-developers@1.0.0~prebuild: no script for prebuild, continuing
7 info lifecycle habitat-developers@1.0.0~build: habitat-developers@1.0.0
8 verbose lifecycle habitat-developers@1.0.0~build: unsafe-perm in lifecycle true
9 verbose lifecycle habitat-developers@1.0.0~build: PATH: /Users/zoomer/.nvm/versions/node/v7.5.0/lib/node_modules/npm/bin/node-gyp-bin:/Users/zoomer/Meteor/developers.tryhabitat.com/node_modules/.bin:/Users/zoomer/.nvm/versions/node/v7.5.0/bin:/usr/local/bin:/usr/bin:/bin:/usr/sbin:/sbin:/Users/zoomer/Library/Android/sdk/tools:/Users/zoomer/Library/Android/sdk/platform-tools
10 verbose lifecycle habitat-developers@1.0.0~build: CWD: /Users/zoomer/Meteor/developers.tryhabitat.com
11 silly lifecycle habitat-developers@1.0.0~build: Args: [ '-c', './build.sh' ]
12 silly lifecycle habitat-developers@1.0.0~build: Returned: code: 126  signal: null
13 info lifecycle habitat-developers@1.0.0~build: Failed to exec build script
14 verbose stack Error: habitat-developers@1.0.0 build: `./build.sh`
14 verbose stack Exit status 126
14 verbose stack     at EventEmitter.<anonymous> (/Users/zoomer/.nvm/versions/node/v7.5.0/lib/node_modules/npm/lib/utils/lifecycle.js:279:16)
14 verbose stack     at emitTwo (events.js:106:13)
14 verbose stack     at EventEmitter.emit (events.js:192:7)
14 verbose stack     at ChildProcess.<anonymous> (/Users/zoomer/.nvm/versions/node/v7.5.0/lib/node_modules/npm/lib/utils/spawn.js:40:14)
14 verbose stack     at emitTwo (events.js:106:13)
14 verbose stack     at ChildProcess.emit (events.js:192:7)
14 verbose stack     at maybeClose (internal/child_process.js:890:16)
14 verbose stack     at Process.ChildProcess._handle.onexit (internal/child_process.js:226:5)
15 verbose pkgid habitat-developers@1.0.0
16 verbose cwd /Users/zoomer/Meteor/developers.tryhabitat.com
17 error Darwin 16.4.0
18 error argv "/Users/zoomer/.nvm/versions/node/v7.5.0/bin/node" "/Users/zoomer/.nvm/versions/node/v7.5.0/bin/npm" "run" "build"
19 error node v7.5.0
20 error npm  v4.1.2
21 error code ELIFECYCLE
22 error habitat-developers@1.0.0 build: `./build.sh`
22 error Exit status 126
23 error Failed at the habitat-developers@1.0.0 build script './build.sh'.
23 error Make sure you have the latest version of node.js and npm installed.
23 error If you do, this is most likely a problem with the habitat-developers package,
23 error not with npm itself.
23 error Tell the author that this fails on your system:
23 error     ./build.sh
23 error You can get information on how to open an issue for this project with:
23 error     npm bugs habitat-developers
23 error Or if that isn't available, you can get their info via:
23 error     npm owner ls habitat-developers
23 error There is likely additional logging output above.
24 verbose exit [ 1, true ]
